[1104/191036.882:ERROR:directory_reader_win.cc(43)] FindFirstFile: Le chemin d’accès spécifié est introuvable. (0x3)
[1108/000648.045:ERROR:directory_reader_win.cc(43)] FindFirstFile: Le chemin d’accès spécifié est introuvable. (0x3)
[1109/011400.428:ERROR:directory_reader_win.cc(43)] FindFirstFile: Le chemin d’accès spécifié est introuvable. (0x3)
[1130/085552.135:ERROR:directory_reader_win.cc(43)] FindFirstFile: Le chemin d’accès spécifié est introuvable. (0x3)
[1204/064930.808:ERROR:directory_reader_win.cc(43)] FindFirstFile: Le chemin d’accès spécifié est introuvable. (0x3)
[1205/221934.461:ERROR:directory_reader_win.cc(43)] FindFirstFile: Le chemin d’accès spécifié est introuvable. (0x3)
[1205/234206.811:ERROR:directory_reader_win.cc(43)] FindFirstFile: Le chemin d’accès spécifié est introuvable. (0x3)
[1206/175421.883:ERROR:directory_reader_win.cc(43)] FindFirstFile: Le chemin d’accès spécifié est introuvable. (0x3)
[1207/210626.615:ERROR:directory_reader_win.cc(43)] FindFirstFile: Le chemin d’accès spécifié est introuvable. (0x3)
[1210/161424.478:ERROR:directory_reader_win.cc(43)] FindFirstFile: Le chemin d’accès spécifié est introuvable. (0x3)
[1213/115002.227:ERROR:process_reader_win.cc(151)] SuspendThread: Accès refusé. (0x5)
[1213/115002.270:ERROR:process_reader_win.cc(151)] SuspendThread: Accès refusé. (0x5)
[1213/115002.340:ERROR:exception_snapshot_win.cc(99)] thread ID 6104 not found in process
[1213/115002.308:ERROR:process_reader_win.cc(123)] NtOpenThread: {Accès refusé} Un processus a demandé l’accès a un objet, mais il ne bénéficie pas des autorisations nécessaires. (0xc0000022)
[1213/115002.372:ERROR:exception_snapshot_win.cc(99)] thread ID 6300 not found in process
[1213/115002.277:ERROR:process_reader_win.cc(151)] SuspendThread: Accès refusé. (0x5)
[1213/115002.373:ERROR:exception_snapshot_win.cc(99)] thread ID 940 not found in process
[1213/115002.281:ERROR:process_reader_win.cc(108)] process 5164 not found
[1213/115002.376:ERROR:exception_snapshot_win.cc(99)] thread ID 9968 not found in process
[1213/115002.376:ERROR:scoped_process_suspend.cc(40)] NtResumeProcess: Tentative d’accès à un processus en cours d’arrêt. (0xc000010a)
